<?xml version="1.0" encoding="UTF-8"?>
<testsuite xmlns:xsi="http://www.w3.org/2001/XMLSchema-instance" xsi:noNamespaceSchemaLocation="https://maven.apache.org/surefire/maven-surefire-plugin/xsd/surefire-test-report.xsd" version="3.0.2" name="org.codehaus.plexus.components.secdispatcher.internal.cipher.AESGCMNoPaddingTest" time="1.185" tests="3" errors="0" skipped="0" failures="0">
  <properties>
    <property name="java.specification.version" value="21"/>
    <property name="maven.user.extensions" value="/home/cstamas/.m2/extensions.xml"/>
    <property name="sun.jnu.encoding" value="UTF-8"/>
    <property name="java.class.path" value="/home/cstamas/Worx/codehaus-plexus/plexus-sec-dispatcher/target/test-classes:/home/cstamas/Worx/codehaus-plexus/plexus-sec-dispatcher/target/classes:/home/cstamas/.m2/repository-oss/org/slf4j/slf4j-api/2.0.16/slf4j-api-2.0.16.jar:/home/cstamas/.m2/repository-oss/javax/inject/javax.inject/1/javax.inject-1.jar:/home/cstamas/.m2/repository-oss/org/eclipse/sisu/org.eclipse.sisu.inject/0.9.0.M3/org.eclipse.sisu.inject-0.9.0.M3.jar:/home/cstamas/.m2/repository-oss/org/junit/jupiter/junit-jupiter/5.11.1/junit-jupiter-5.11.1.jar:/home/cstamas/.m2/repository-oss/org/junit/jupiter/junit-jupiter-api/5.11.1/junit-jupiter-api-5.11.1.jar:/home/cstamas/.m2/repository-oss/org/opentest4j/opentest4j/1.3.0/opentest4j-1.3.0.jar:/home/cstamas/.m2/repository-oss/org/junit/platform/junit-platform-commons/1.11.1/junit-platform-commons-1.11.1.jar:/home/cstamas/.m2/repository-oss/org/apiguardian/apiguardian-api/1.1.2/apiguardian-api-1.1.2.jar:/home/cstamas/.m2/repository-oss/org/junit/jupiter/junit-jupiter-params/5.11.1/junit-jupiter-params-5.11.1.jar:/home/cstamas/.m2/repository-oss/org/junit/jupiter/junit-jupiter-engine/5.11.1/junit-jupiter-engine-5.11.1.jar:/home/cstamas/.m2/repository-oss/org/junit/platform/junit-platform-engine/1.11.1/junit-platform-engine-1.11.1.jar:/home/cstamas/.m2/repository-oss/org/slf4j/slf4j-simple/2.0.16/slf4j-simple-2.0.16.jar:"/>
    <property name="java.vm.vendor" value="Eclipse Adoptium"/>
    <property name="sun.arch.data.model" value="64"/>
    <property name="settings.security" value="src/test/legacy/legacy-settings-security-2.xml"/>
    <property name="maven.user.toolchains" value="/home/cstamas/.m2/toolchains.xml"/>
    <property name="java.vendor.url" value="https://adoptium.net/"/>
    <property name="os.name" value="Linux"/>
    <property name="java.vm.specification.version" value="21"/>
    <property name="maven.repo.central" value="https://repo.maven.apache.org/maven2"/>
    <property name="sun.java.launcher" value="SUN_STANDARD"/>
    <property name="user.country" value="US"/>
    <property name="session.topDirectory" value="/home/cstamas/Worx/codehaus-plexus/plexus-sec-dispatcher"/>
    <property name="sun.boot.library.path" value="/home/cstamas/.sdkman/candidates/java/21.0.5-tem/lib"/>
    <property name="sun.java.command" value="/home/cstamas/Worx/codehaus-plexus/plexus-sec-dispatcher/target/surefire/surefirebooter-20241209133554284_3.jar /home/cstamas/Worx/codehaus-plexus/plexus-sec-dispatcher/target/surefire 2024-12-09T13-35-54_241-jvmRun1 surefire-20241209133554284_1tmp surefire_0-20241209133554284_2tmp"/>
    <property name="maven.project.settings" value="${session.rootDirectory}/.mvn/settings.xml"/>
    <property name="jdk.debug" value="release"/>
    <property name="surefire.test.class.path" value="/home/cstamas/Worx/codehaus-plexus/plexus-sec-dispatcher/target/test-classes:/home/cstamas/Worx/codehaus-plexus/plexus-sec-dispatcher/target/classes:/home/cstamas/.m2/repository-oss/org/slf4j/slf4j-api/2.0.16/slf4j-api-2.0.16.jar:/home/cstamas/.m2/repository-oss/javax/inject/javax.inject/1/javax.inject-1.jar:/home/cstamas/.m2/repository-oss/org/eclipse/sisu/org.eclipse.sisu.inject/0.9.0.M3/org.eclipse.sisu.inject-0.9.0.M3.jar:/home/cstamas/.m2/repository-oss/org/junit/jupiter/junit-jupiter/5.11.1/junit-jupiter-5.11.1.jar:/home/cstamas/.m2/repository-oss/org/junit/jupiter/junit-jupiter-api/5.11.1/junit-jupiter-api-5.11.1.jar:/home/cstamas/.m2/repository-oss/org/opentest4j/opentest4j/1.3.0/opentest4j-1.3.0.jar:/home/cstamas/.m2/repository-oss/org/junit/platform/junit-platform-commons/1.11.1/junit-platform-commons-1.11.1.jar:/home/cstamas/.m2/repository-oss/org/apiguardian/apiguardian-api/1.1.2/apiguardian-api-1.1.2.jar:/home/cstamas/.m2/repository-oss/org/junit/jupiter/junit-jupiter-params/5.11.1/junit-jupiter-params-5.11.1.jar:/home/cstamas/.m2/repository-oss/org/junit/jupiter/junit-jupiter-engine/5.11.1/junit-jupiter-engine-5.11.1.jar:/home/cstamas/.m2/repository-oss/org/junit/platform/junit-platform-engine/1.11.1/junit-platform-engine-1.11.1.jar:/home/cstamas/.m2/repository-oss/org/slf4j/slf4j-simple/2.0.16/slf4j-simple-2.0.16.jar:"/>
    <property name="sun.cpu.endian" value="little"/>
    <property name="user.home" value="/home/cstamas"/>
    <property name="user.language" value="en"/>
    <property name="java.specification.vendor" value="Oracle Corporation"/>
    <property name="java.version.date" value="2024-10-15"/>
    <property name="java.home" value="/home/cstamas/.sdkman/candidates/java/21.0.5-tem"/>
    <property name="maven.user.conf" value="/home/cstamas/.m2"/>
    <property name="file.separator" value="/"/>
    <property name="basedir" value="/home/cstamas/Worx/codehaus-plexus/plexus-sec-dispatcher"/>
    <property name="java.vm.compressedOopsMode" value="Zero based"/>
    <property name="line.separator" value="&#10;"/>
    <property name="java.vm.specification.vendor" value="Oracle Corporation"/>
    <property name="java.specification.name" value="Java Platform API Specification"/>
    <property name="maven.project.conf" value="${session.rootDirectory}/.mvn"/>
    <property name="surefire.real.class.path" value="/home/cstamas/Worx/codehaus-plexus/plexus-sec-dispatcher/target/surefire/surefirebooter-20241209133554284_3.jar"/>
    <property name="masterPassword" value="masterPw"/>
    <property name="sun.management.compiler" value="HotSpot 64-Bit Tiered Compilers"/>
    <property name="java.runtime.version" value="21.0.5+11-LTS"/>
    <property name="user.name" value="cstamas"/>
    <property name="stdout.encoding" value="UTF-8"/>
    <property name="maven.installation.conf" value="/home/cstamas/.sdkman/candidates/maven/4.0.0-rc-1/conf"/>
    <property name="path.separator" value=":"/>
    <property name="os.version" value="6.11.10-300.fc41.x86_64"/>
    <property name="java.runtime.name" value="OpenJDK Runtime Environment"/>
    <property name="file.encoding" value="UTF-8"/>
    <property name="maven.installation.toolchains" value="/home/cstamas/.sdkman/candidates/maven/4.0.0-rc-1/conf/toolchains.xml"/>
    <property name="java.vm.name" value="OpenJDK 64-Bit Server VM"/>
    <property name="java.vendor.version" value="Temurin-21.0.5+11"/>
    <property name="localRepository" value="/home/cstamas/.m2/repository-oss"/>
    <property name="maven.project.extensions" value="${session.rootDirectory}/.mvn/extensions.xml"/>
    <property name="java.vendor.url.bug" value="https://github.com/adoptium/adoptium-support/issues"/>
    <property name="java.io.tmpdir" value="/tmp"/>
    <property name="maven.installation.extensions" value="/home/cstamas/.sdkman/candidates/maven/4.0.0-rc-1/conf/extensions.xml"/>
    <property name="java.version" value="21.0.5"/>
    <property name="user.dir" value="/home/cstamas/Worx/codehaus-plexus/plexus-sec-dispatcher"/>
    <property name="os.arch" value="amd64"/>
    <property name="java.vm.specification.name" value="Java Virtual Machine Specification"/>
    <property name="native.encoding" value="UTF-8"/>
    <property name="java.library.path" value="/usr/java/packages/lib:/usr/lib64:/lib64:/lib:/usr/lib"/>
    <property name="java.vm.info" value="mixed mode, sharing"/>
    <property name="stderr.encoding" value="UTF-8"/>
    <property name="java.vendor" value="Eclipse Adoptium"/>
    <property name="java.vm.version" value="21.0.5+11-LTS"/>
    <property name="maven.installation.settings" value="/home/cstamas/.sdkman/candidates/maven/4.0.0-rc-1/conf/settings.xml"/>
    <property name="sun.io.unicode.encoding" value="UnicodeLittle"/>
    <property name="maven.repo.local" value="/home/cstamas/.m2/repository-oss"/>
    <property name="maven.user.settings" value="/home/cstamas/.m2/settings.xml"/>
    <property name="java.class.version" value="65.0"/>
  </properties>
  <testcase name="testEncrypt" classname="org.codehaus.plexus.components.secdispatcher.internal.cipher.AESGCMNoPaddingTest" time="0.395"/>
  <testcase name="testEncoding" classname="org.codehaus.plexus.components.secdispatcher.internal.cipher.AESGCMNoPaddingTest" time="0.397"/>
  <testcase name="testDecrypt" classname="org.codehaus.plexus.components.secdispatcher.internal.cipher.AESGCMNoPaddingTest" time="0.392"/>
</testsuite>